[712:1592:1208/013344.497:VERBOSE1:components\variations\service\variations_field_trial_creator.cc:595] Applying FieldTrialTestingConfig
[712:1592:1208/013344.503:VERBOSE1:components\variations\service\variations_field_trial_creator.cc:359] VariationsSetupComplete
[712:1592:1208/013344.516:VERBOSE1:base\allocator\scheduler_loop_quarantine_config.cc:135] No entry found for browser/global.
[712:1592:1208/013344.516:VERBOSE1:base\allocator\scheduler_loop_quarantine_config.cc:135] No entry found for browser/*.
[712:1592:1208/013344.516:VERBOSE1:base\allocator\scheduler_loop_quarantine_config.cc:135] No entry found for browser/amsc.
[712:1592:1208/013344.588:VERBOSE1:chrome\browser\media\webrtc\webrtc_event_log_manager.cc:122] WebRTC remote-bound event logging enabled.
[712:1592:1208/013344.603:VERBOSE1:components\proxy_config\pref_proxy_config_tracker_impl.cc:199] 0x123c001b4300: set chrome proxy config service to 0x123c00130820
[712:1592:1208/013344.625:VERBOSE1:components\device_event_log\device_event_log_impl.cc:200] [01:33:44.612] Display: EVENT: screen_win.cc:1038 Displays updated, count: 1
[712:1592:1208/013344.625:VERBOSE1:components\device_event_log\device_event_log_impl.cc:200] [01:33:44.625] Display: EVENT: screen_win.cc:1040 Display[1] bounds=[0,0 800x600], workarea=[0,0 800x600], scale=1, rotation=0, panel_rotation=0 external detected
[712:16052:1208/013344.640:VERBOSE1:content\browser\renderer_host\media\media_stream_manager.cc:1557] MSM::InitializeMaybeAsync([this=0x123c0012c280])
[712:16052:1208/013344.641:VERBOSE1:content\browser\renderer_host\media\media_stream_manager.cc:1557] MDM::MediaDevicesManager()
[712:16052:1208/013344.641:VERBOSE1:content\browser\renderer_host\media\media_stream_manager.cc:1557] MSM::MediaStreamManager([this=0x123c0012c280]))
[712:1592:1208/013344.648:VERBOSE1:components\enterprise\browser\controller\chrome_browser_cloud_management_controller.cc:171] Cloud management controller initialization aborted as CBCM is not enabled. Please use the `--enable-chrome-browser-cloud-management` command line flag to enable it if you are not using the official Google Chrome build.
[712:1592:1208/013344.648:VERBOSE1:chrome\installer\util\install_util.cc:220] No existing Chrome install found.
[712:1592:1208/013344.651:VERBOSE1:chrome\browser\enterprise\platform_auth\platform_auth_policy_observer.cc:75] PlatformAuthProviderManager enabled: 0
[712:1592:1208/013344.715:VERBOSE1:components\device_event_log\device_event_log_impl.cc:200] [01:33:44.715] Bluetooth: EVENT: bluetooth_api.cc:82 BluetoothAPI: 0x123c00129100
[712:1592:1208/013344.722:VERBOSE1:components\proxy_config\pref_proxy_config_tracker_impl.cc:199] 0x123c001b4c00: set chrome proxy config service to 0x123c0013a280
[712:1592:1208/013344.723:VERBOSE1:components\signin\internal\identity_manager\mutable_profile_oauth2_token_service_delegate.cc:318] MutablePO2TS::MutablePO2TS
[712:1592:1208/013344.727:VERBOSE1:components\proxy_config\pref_proxy_config_tracker_impl.cc:199] 0x123c001b6a00: set chrome proxy config service to 0x123c00137500
[712:1592:1208/013344.731:VERBOSE1:components\signin\internal\identity_manager\mutable_profile_oauth2_token_service_delegate.cc:408] MutablePO2TS::RefreshTokenIsAvailable
[712:1592:1208/013344.731:VERBOSE1:chrome\browser\actor\aggregated_journal.cc:211] [ActorTool]: IsAccountEligibleForActuation: is_enterprise_account_data_protected=false is_managed=Unknown 
[712:1592:1208/013344.731:VERBOSE1:chrome\browser\actor\aggregated_journal.cc:211] [ActorTool]: ActorPolicyChecker::ComputeActOnWebCapability: policy_exemption=false is_likely_dogfood_client=false is_browser_managed=false account_eligible_for_actuation=false actuation_enabled_for_managed_user=false 
[712:1592:1208/013344.733:VERBOSE1:components\signin\internal\identity_manager\mutable_profile_oauth2_token_service_delegate.cc:408] MutablePO2TS::RefreshTokenIsAvailable
[712:1592:1208/013344.733:VERBOSE1:extensions\browser\api\bluetooth_low_energy\bluetooth_low_energy_event_router.cc:291] Initializing BluetoothLowEnergyEventRouter.
[712:1592:1208/013344.734:VERBOSE1:chrome\browser\permissions\prediction_service\prediction_model_handler_provider_factory.cc:58] [PermissionsAI]: PredictionModelHandlerProviderFactory::BuildServiceInstanceForBrowserContext
[712:1592:1208/013344.734:VERBOSE1:chrome\browser\permissions\prediction_service\prediction_model_handler_provider_factory.cc:66] [PermissionsAI]: OptimizationGuideKeyedService not available.
[712:1592:1208/013344.735:VERBOSE1:components\signin\internal\identity_manager\mutable_profile_oauth2_token_service_delegate.cc:408] MutablePO2TS::RefreshTokenIsAvailable
[712:1592:1208/013344.735:VERBOSE1:components\signin\internal\identity_manager\mutable_profile_oauth2_token_service_delegate.cc:408] MutablePO2TS::RefreshTokenIsAvailable
[18240:19208:1208/013344.741:VERBOSE1:base\allocator\scheduler_loop_quarantine_config.cc:135] No entry found for gpu-process/global.
[18240:19208:1208/013344.741:VERBOSE1:base\allocator\scheduler_loop_quarantine_config.cc:135] No entry found for gpu-process/*.
[18240:19208:1208/013344.741:VERBOSE1:base\allocator\scheduler_loop_quarantine_config.cc:135] No entry found for gpu-process/amsc.
[712:1592:1208/013344.756:VERBOSE1:extensions\browser\extension_registrar.cc:521] AddComponentExtension Интернет-магазин Chrome
[712:1592:1208/013344.756:VERBOSE1:extensions\browser\extension_registrar.cc:523] Component extension Интернет-магазин Chrome (ahfgeienlihckogmohjhadlkjgocpleb) installing/upgrading from '' to 0.2
[712:1592:1208/013344.758:VERBOSE1:extensions\browser\extension_registrar.cc:521] AddComponentExtension Chromium PDF Viewer
[712:1592:1208/013344.758:VERBOSE1:extensions\browser\extension_registrar.cc:523] Component extension Chromium PDF Viewer (mhjfbmdgcfjbbpaeojofohoefgiehjai) installing/upgrading from '' to 1
[712:1592:1208/013344.760:VERBOSE1:components\signin\internal\identity_manager\mutable_profile_oauth2_token_service_delegate.cc:408] MutablePO2TS::RefreshTokenIsAvailable
[712:1592:1208/013344.760:VERBOSE1:components\signin\internal\identity_manager\mutable_profile_oauth2_token_service_delegate.cc:408] MutablePO2TS::RefreshTokenIsAvailable
[712:1592:1208/013344.761:VERBOSE1:components\signin\core\browser\account_reconcilor.cc:165] AccountReconcilor::AccountReconcilor
[712:1592:1208/013344.761:VERBOSE1:components\signin\core\browser\account_reconcilor.cc:203] AccountReconcilor::Initialize
[712:1592:1208/013344.761:VERBOSE1:components\signin\core\browser\account_reconcilor.cc:259] AccountReconcilor::RegisterWithContentSettings
[712:1592:1208/013344.761:VERBOSE1:components\signin\core\browser\account_reconcilor.cc:282] AccountReconcilor::RegisterWithIdentityManager
[712:1592:1208/013344.765:VERBOSE1:chrome\browser\profiles\profile_manager.cc:1288] AddKeepAlive(Default, kRemoteDebugging). keep_alives=[kWaitingForFirstBrowserWindow (1), kRemoteDebugging (1)]
[712:1592:1208/013344.766:VERBOSE1:components\component_updater\installer_policies\on_device_head_suggest_component_installer.cc:59] On Device Head Component will fetch model for locale: RU500000
[712:1592:1208/013344.766:VERBOSE1:chrome\browser\component_updater\trust_token_key_commitments_component_installer.cc:21] Registering Trust Token Key Commitments component.
[712:1592:1208/013344.766:VERBOSE1:chrome\browser\component_updater\first_party_sets_component_installer.cc:37] Registering Related Website Sets component.
[712:1592:1208/013344.766:VERBOSE1:chrome\browser\component_updater\privacy_sandbox_attestations_component_installer.cc:181] Registering Privacy Sandbox Attestations component
[712:1592:1208/013344.766:VERBOSE1:chrome\browser\component_updater\file_type_policies_component_installer.cc:126] Registering File Type Policies component.
[712:1592:1208/013344.766:VERBOSE1:chrome\browser\component_updater\hyphenation_component_installer.cc:149] Registering Hyphenation component.
[712:1592:1208/013344.767:VERBOSE1:chrome\browser\component_updater\actor_safety_lists_component_installer.cc:139] Registering Actor Safety Lists Component.
[712:1592:1208/013344.767:VERBOSE1:chrome\browser\component_updater\tpcd_metadata_component_installer.cc:23] Third Party Cookie Deprecation Metadata component.
[712:1592:1208/013344.768:VERBOSE1:chrome\browser\component_updater\translate_kit_component_installer.cc:163] Registering TranslateKit component.
[712:1592:1208/013344.768:VERBOSE1:chrome\browser\component_updater\open_cookie_database_component_installer.cc:23] Registering Open Cookie Database component.
[712:1592:1208/013344.768:VERBOSE1:chrome\browser\component_updater\cookie_readiness_list_component_installer.cc:24] Registering Cookie Readiness List component.
[712:1592:1208/013344.768:VERBOSE1:chrome\browser\component_updater\wasm_tts_engine_component_installer.cc:272] Registering WASM TTS Engine component.
[712:1592:1208/013344.768:VERBOSE1:chrome\browser\component_updater\probabilistic_reveal_token_component_installer.cc:54] Registering Probabilistic Reveal Token component.
[712:1592:1208/013344.769:WARNING:chrome\browser\chrome_browser_main_win.cc:787] Command line too long for RegisterApplicationRestart:  --allow-pre-commit-input --disable-accelerated-2d-canvas --disable-background-networking --disable-background-timer-throttling --disable-backgrounding-occluded-windows --disable-breakpad --disable-client-side-phishing-detection --disable-component-extensions-with-background-pages --disable-crash-reporter --disable-default-apps --disable-dev-shm-usage --disable-extensions --disable-features=Translate,AcceptCHFrame,MediaRouter,OptimizationHints,RenderDocument,ProcessPerSiteUpToMainFrameThreshold,IsolateSandboxedIframes,IsolateOrigins,site-per-process --disable-gpu --disable-hang-monitor --disable-infobars --disable-ipc-flooding-protection --disable-notifications --disable-popup-blocking --disable-prompt-on-repost --disable-renderer-backgrounding --disable-search-engine-choice-screen --disable-setuid-sandbox --disable-sync --disable-web-security --enable-automation --enable-features=PdfOopif --enable-logging --export-tagged-pdf --force-color-profile=srgb --generate-pdf-document-outline --headless=new --hide-scrollbars --lang=ru-RU,ru --metrics-recording-only --mute-audio --no-first-run --no-sandbox --noerrdialogs --password-store=basic --remote-debugging-port=0 --use-mock-keychain --user-data-dir="d:\test\2\.user-data" --v=1 --window-size=1920,1080 --restore-last-session --restart
[17008:10720:1208/013344.770:VERBOSE1:base\allocator\scheduler_loop_quarantine_config.cc:135] No entry found for utility/global.
[17008:10720:1208/013344.770:VERBOSE1:base\allocator\scheduler_loop_quarantine_config.cc:135] No entry found for utility/*.
[17008:10720:1208/013344.770:VERBOSE1:base\allocator\scheduler_loop_quarantine_config.cc:135] No entry found for utility/amsc.
[712:1592:1208/013344.772:VERBOSE1:chrome\browser\profiles\profile_manager.cc:1288] AddKeepAlive(Default, kBrowserWindow). keep_alives=[kWaitingForFirstBrowserWindow (1), kBrowserWindow (1), kRemoteDebugging (1)]
[712:1592:1208/013344.772:VERBOSE1:chrome\browser\profiles\profile_manager.cc:1372] ClearFirstBrowserWindowKeepAlive(Default). keep_alives=[kBrowserWindow (1), kRemoteDebugging (1)]
[712:1592:1208/013344.772:VERBOSE1:components\signin\internal\identity_manager\mutable_profile_oauth2_token_service_delegate.cc:408] MutablePO2TS::RefreshTokenIsAvailable
[712:1592:1208/013344.791:VERBOSE1:components\signin\internal\identity_manager\mutable_profile_oauth2_token_service_delegate.cc:408] MutablePO2TS::RefreshTokenIsAvailable
[712:1592:1208/013344.791:VERBOSE1:components\signin\internal\identity_manager\mutable_profile_oauth2_token_service_delegate.cc:408] MutablePO2TS::RefreshTokenIsAvailable
[712:19744:1208/013344.820:VERBOSE1:components\component_updater\component_installer.cc:481] StartRegistration for Privacy Sandbox Attestations
[712:19744:1208/013344.821:VERBOSE1:components\component_updater\component_installer.cc:316] Preinstalled component found for Privacy Sandbox Attestations at C:\Users\user\.cache\puppeteer\chrome\win64-143.0.7499.40\chrome-win64\PrivacySandboxAttestationsPreloaded with version 2025.7.18.0.
[21076:16240:1208/013344.835:VERBOSE1:base\allocator\scheduler_loop_quarantine_config.cc:135] No entry found for utility/global.
[21076:16240:1208/013344.835:VERBOSE1:base\allocator\scheduler_loop_quarantine_config.cc:135] No entry found for utility/*.
[21076:16240:1208/013344.835:VERBOSE1:base\allocator\scheduler_loop_quarantine_config.cc:135] No entry found for utility/amsc.
[712:21312:1208/013344.860:VERBOSE1:components\component_updater\component_installer.cc:481] StartRegistration for Widevine Content Decryption Module
[712:21312:1208/013344.869:VERBOSE1:net\disk_cache\simple\simple_index_file.cc:607] Simple Cache Index is being restored from disk.
[712:6208:1208/013344.870:VERBOSE1:components\component_updater\component_installer.cc:481] StartRegistration for Subresource Filter Rules
[712:6136:1208/013344.870:VERBOSE1:net\disk_cache\simple\simple_index_file.cc:607] Simple Cache Index is being restored from disk.
[712:21312:1208/013344.871:VERBOSE1:components\component_updater\component_installer.cc:481] StartRegistration for OnDeviceHeadSuggest
[712:6208:1208/013344.872:VERBOSE1:components\component_updater\component_installer.cc:481] StartRegistration for Trust Token Key Commitments
[712:6136:1208/013344.872:VERBOSE1:components\component_updater\component_installer.cc:481] StartRegistration for History Search
[712:6208:1208/013344.874:VERBOSE1:components\component_updater\component_installer.cc:481] StartRegistration for Certificate Error Assistant
[712:6136:1208/013344.874:VERBOSE1:components\component_updater\component_installer.cc:481] StartRegistration for File Type Policies
[712:6208:1208/013344.877:VERBOSE1:components\component_updater\component_installer.cc:481] StartRegistration for CRLSet
[712:6136:1208/013344.878:VERBOSE1:components\component_updater\component_installer.cc:481] StartRegistration for Origin Trials
[712:6208:1208/013344.881:VERBOSE1:components\component_updater\component_installer.cc:481] StartRegistration for MEI Preload
[712:6208:1208/013344.882:VERBOSE1:components\component_updater\component_installer.cc:316] Preinstalled component found for MEI Preload at C:\Users\user\.cache\puppeteer\chrome\win64-143.0.7499.40\chrome-win64\MEIPreload with version 1.0.7.1652906823.
[712:9680:1208/013344.882:VERBOSE1:components\component_updater\component_installer.cc:481] StartRegistration for PKI Metadata
[712:6136:1208/013344.883:VERBOSE1:components\component_updater\component_installer.cc:481] StartRegistration for Safety Tips
[712:22276:1208/013344.884:VERBOSE1:components\component_updater\component_installer.cc:481] StartRegistration for Crowd Deny
[712:21312:1208/013344.885:VERBOSE1:components\component_updater\component_installer.cc:481] StartRegistration for Hyphenation
[712:21312:1208/013344.885:VERBOSE1:components\component_updater\component_installer.cc:316] Preinstalled component found for Hyphenation at C:\Users\user\.cache\puppeteer\chrome\win64-143.0.7499.40\chrome-win64\hyphen-data with version 1.0.0.0.
[712:6208:1208/013344.888:VERBOSE1:components\component_updater\component_installer.cc:481] StartRegistration for Zxcvbn Data Dictionaries
[712:2320:1208/013344.888:VERBOSE1:components\component_updater\component_installer.cc:481] StartRegistration for Actor Safety Lists
[712:9680:1208/013344.889:VERBOSE1:components\component_updater\component_installer.cc:481] StartRegistration for Autofill States Data
[712:6136:1208/013344.891:VERBOSE1:components\component_updater\component_installer.cc:481] StartRegistration for Third-Party Cookie Deprecation Metadata
[712:22276:1208/013344.892:VERBOSE1:components\component_updater\component_installer.cc:481] StartRegistration for Plus Address Blocklist
[712:21312:1208/013344.893:VERBOSE1:components\component_updater\component_installer.cc:481] StartRegistration for Open Cookie Database
[712:19744:1208/013344.894:VERBOSE1:components\component_updater\component_installer.cc:481] StartRegistration for Cookie Readiness List
[712:10200:1208/013344.894:VERBOSE1:components\component_updater\component_installer.cc:481] StartRegistration for Amount Extraction Heuristic Regexes
[712:6208:1208/013344.897:VERBOSE1:components\component_updater\component_installer.cc:481] StartRegistration for WASM TTS Engine
[712:2320:1208/013344.905:VERBOSE1:components\component_updater\component_installer.cc:481] StartRegistration for Probabilistic Reveal Tokens
[712:1592:1208/013344.947:VERBOSE1:google_apis\gaia\gaia_auth_util.cc:54] Canonicalized @gmail.com to @gmail.com
[712:1592:1208/013344.947:VERBOSE1:google_apis\gaia\gaia_auth_util.cc:54] Canonicalized @gmail.com to @gmail.com
[712:1592:1208/013344.951:VERBOSE1:components\signin\internal\identity_manager\mutable_profile_oauth2_token_service_delegate.cc:408] MutablePO2TS::RefreshTokenIsAvailable
[712:7264:1208/013344.971:VERBOSE1:components\signin\public\webdata\token_service_table.cc:233] Loaded tokens: result = 3 ; number of tokens loaded = 0
[712:1592:1208/013344.990:VERBOSE1:chrome\browser\enterprise\data_protection\data_protection_navigation_observer.cc:216] enterprise.data_protection: same document navigation: 0
[712:1592:1208/013344.990:VERBOSE1:chrome\browser\enterprise\data_protection\data_protection_navigation_observer.cc:218] enterprise.data_protection: URL to scan: about:blank
[712:1592:1208/013345.054:VERBOSE1:components\signin\internal\identity_manager\mutable_profile_oauth2_token_service_delegate.cc:408] MutablePO2TS::RefreshTokenIsAvailable
[712:1592:1208/013345.066:VERBOSE1:chrome\browser\process_singleton_win.cc:109] Handling STARTUP request from another process
[712:1592:1208/013345.068:VERBOSE1:chrome\browser\process_singleton_win.cc:109] Handling STARTUP request from another process
[712:1592:1208/013345.068:VERBOSE1:chrome\browser\process_singleton_win.cc:109] Handling STARTUP request from another process
[712:1592:1208/013345.069:VERBOSE1:chrome\browser\process_singleton_win.cc:109] Handling STARTUP request from another process
[20736:8644:1208/013345.069:VERBOSE1:base\allocator\scheduler_loop_quarantine_config.cc:135] No entry found for renderer/global.
[20736:8644:1208/013345.069:VERBOSE1:base\allocator\scheduler_loop_quarantine_config.cc:135] No entry found for renderer/*.
[20736:8644:1208/013345.069:VERBOSE1:base\allocator\scheduler_loop_quarantine_config.cc:135] No entry found for renderer/amsc.
[712:1592:1208/013345.070:VERBOSE1:chrome\browser\process_singleton_win.cc:109] Handling STARTUP request from another process
[712:1592:1208/013345.070:VERBOSE1:chrome\browser\process_singleton_win.cc:109] Handling STARTUP request from another process
[712:1592:1208/013345.071:VERBOSE1:chrome\browser\process_singleton_win.cc:109] Handling STARTUP request from another process
[712:1592:1208/013345.071:VERBOSE1:chrome\browser\process_singleton_win.cc:109] Handling STARTUP request from another process
[20736:8644:1208/013345.072:INFO:third_party\webrtc\rtc_base\cpu_info.cc:75] Available number of cores: 8
[19708:6364:1208/013345.072:VERBOSE1:base\metrics\statistics_recorder.cc:623] Collections of all histograms
Histogram: Chrome.ProcessSingleton.NotifyResult recorded 1 samples, mean = 2.0 (flags = 0x1)
0  ... 
2  -O                                                                        (1 = 100.0%) {0.0%}
3  ... 

Histogram: Chrome.ProcessSingleton.RemoteProcessInteractionResult recorded 2 samples, mean = 4.0 (flags = 0x1)
0  ... 
4  --O                                                                       (2 = 100.0%) {0.0%}
5  ... 

Histogram: Chrome.ProcessSingleton.TimeToFailure recorded 1 samples, mean = 587.0 (flags = 0x1)
0    ... 
585  -O                                                                        (1 = 100.0%) {0.0%}
718  ... 

Histogram: Startup.LoadTime.RecordedProcessCreation recorded 1 samples, mean = 1.0 (flags = 0x1)
0  O                                                                         (0 = 0.0%)
1  -O                                                                        (1 = 100.0%) {0.0%}
2  O                                                                         (0 = 0.0%) {100.0%}


[712:1592:1208/013345.082:VERBOSE1:chrome\browser\process_singleton_win.cc:109] Handling STARTUP request from another process
[712:1592:1208/013345.084:VERBOSE1:chrome\browser\process_singleton_win.cc:109] Handling STARTUP request from another process
[6264:1260:1208/013345.084:VERBOSE1:base\metrics\statistics_recorder.cc:623] Collections of all histograms
Histogram: Chrome.ProcessSingleton.NotifyResult recorded 1 samples, mean = 2.0 (flags = 0x1)
0  ... 
2  -O                                                                        (1 = 100.0%) {0.0%}
3  ... 

Histogram: Chrome.ProcessSingleton.RemoteProcessInteractionResult recorded 2 samples, mean = 4.0 (flags = 0x1)
0  ... 
4  --O                                                                       (2 = 100.0%) {0.0%}
5  ... 

Histogram: Chrome.ProcessSingleton.TimeToFailure recorded 1 samples, mean = 515.0 (flags = 0x1)
0    ... 
477  -O                                                                        (1 = 100.0%) {0.0%}
585  ... 

Histogram: Startup.LoadTime.RecordedProcessCreation recorded 1 samples, mean = 1.0 (flags = 0x1)
0  O                                                                         (0 = 0.0%)
1  -O                                                                        (1 = 100.0%) {0.0%}
2  O                                                                         (0 = 0.0%) {100.0%}


[19100:13368:1208/013345.085:VERBOSE1:base\metrics\statistics_recorder.cc:623] Collections of all histograms
Histogram: Chrome.ProcessSingleton.NotifyResult recorded 1 samples, mean = 2.0 (flags = 0x1)
0  ... 
2  -O                                                                        (1 = 100.0%) {0.0%}
3  ... 

Histogram: Chrome.ProcessSingleton.RemoteProcessInteractionResult recorded 2 samples, mean = 4.0 (flags = 0x1)
0  ... 
4  --O                                                                       (2 = 100.0%) {0.0%}
5  ... 

Histogram: Chrome.ProcessSingleton.TimeToFailure recorded 1 samples, mean = 502.0 (flags = 0x1)
0    ... 
477  -O                                                                        (1 = 100.0%) {0.0%}
585  ... 

Histogram: Startup.LoadTime.RecordedProcessCreation recorded 1 samples, mean = 1.0 (flags = 0x1)
0  O                                                                         (0 = 0.0%)
1  -O                                                                        (1 = 100.0%) {0.0%}
2  O                                                                         (0 = 0.0%) {100.0%}


[712:1592:1208/013345.086:VERBOSE1:chrome\browser\process_singleton_win.cc:109] Handling STARTUP request from another process
[712:1592:1208/013345.087:VERBOSE1:chrome\browser\process_singleton_win.cc:109] Handling STARTUP request from another process
[13984:21680:1208/013345.087:VERBOSE1:base\metrics\statistics_recorder.cc:623] Collections of all histograms
Histogram: Chrome.ProcessSingleton.NotifyResult recorded 1 samples, mean = 2.0 (flags = 0x1)
0  ... 
2  -O                                                                        (1 = 100.0%) {0.0%}
3  ... 

Histogram: Chrome.ProcessSingleton.RemoteProcessInteractionResult recorded 2 samples, mean = 4.0 (flags = 0x1)
0  ... 
4  --O                                                                       (2 = 100.0%) {0.0%}
5  ... 

Histogram: Chrome.ProcessSingleton.TimeToFailure recorded 1 samples, mean = 497.0 (flags = 0x1)
0    ... 
477  -O                                                                        (1 = 100.0%) {0.0%}
585  ... 

Histogram: Startup.LoadTime.RecordedProcessCreation recorded 1 samples, mean = 1.0 (flags = 0x1)
0  O                                                                         (0 = 0.0%)
1  -O                                                                        (1 = 100.0%) {0.0%}
2  O                                                                         (0 = 0.0%) {100.0%}


[15716:5616:1208/013345.087:VERBOSE1:base\metrics\statistics_recorder.cc:623] Collections of all histograms
Histogram: Chrome.ProcessSingleton.NotifyResult recorded 1 samples, mean = 2.0 (flags = 0x1)
0  ... 
2  -O                                                                        (1 = 100.0%) {0.0%}
3  ... 

Histogram: Chrome.ProcessSingleton.RemoteProcessInteractionResult recorded 2 samples, mean = 4.0 (flags = 0x1)
0  ... 
4  --O                                                                       (2 = 100.0%) {0.0%}
5  ... 

Histogram: Chrome.ProcessSingleton.TimeToFailure recorded 1 samples, mean = 413.0 (flags = 0x1)
0    ... 
389  -O                                                                        (1 = 100.0%) {0.0%}
477  ... 

Histogram: Startup.LoadTime.RecordedProcessCreation recorded 1 samples, mean = 1.0 (flags = 0x1)
0  O                                                                         (0 = 0.0%)
1  -O                                                                        (1 = 100.0%) {0.0%}
2  O                                                                         (0 = 0.0%) {100.0%}


[5004:9636:1208/013345.089:VERBOSE1:base\metrics\statistics_recorder.cc:623] Collections of all histograms
Histogram: Chrome.ProcessSingleton.NotifyResult recorded 1 samples, mean = 2.0 (flags = 0x1)
0  ... 
2  -O                                                                        (1 = 100.0%) {0.0%}
3  ... 

Histogram: Chrome.ProcessSingleton.RemoteProcessInteractionResult recorded 2 samples, mean = 4.0 (flags = 0x1)
0  ... 
4  --O                                                                       (2 = 100.0%) {0.0%}
5  ... 

Histogram: Chrome.ProcessSingleton.TimeToFailure recorded 1 samples, mean = 369.0 (flags = 0x1)
0    ... 
317  -O                                                                        (1 = 100.0%) {0.0%}
389  ... 

Histogram: Startup.LoadTime.RecordedProcessCreation recorded 1 samples, mean = 1.0 (flags = 0x1)
0  O                                                                         (0 = 0.0%)
1  -O                                                                        (1 = 100.0%) {0.0%}
2  O                                                                         (0 = 0.0%) {100.0%}


[712:1592:1208/013345.110:VERBOSE1:components\component_updater\component_installer.cc:560] FinishRegistration for Privacy Sandbox Attestations
[712:1592:1208/013345.110:VERBOSE1:components\component_updater\component_updater_service.cc:166] CrxUpdateService starting up. First update attempt will take place in 60 s seconds. Next update attempt will take place in 18000 s seconds. 
[712:1592:1208/013345.110:VERBOSE1:components\component_updater\component_installer.cc:601] Component ready, version 2025.7.18.0 in C:\Users\user\.cache\puppeteer\chrome\win64-143.0.7499.40\chrome-win64\PrivacySandboxAttestationsPreloaded
[712:1592:1208/013345.110:VERBOSE1:chrome\browser\component_updater\privacy_sandbox_attestations_component_installer.cc:111] Privacy Sandbox Attestations Component ready, version 2025.7.18.0 in C:\Users\user\.cache\puppeteer\chrome\win64-143.0.7499.40\chrome-win64\PrivacySandboxAttestationsPreloaded
[712:1592:1208/013345.110:VERBOSE1:chrome\browser\component_updater\privacy_sandbox_attestations_component_installer.cc:188] Received privacy sandbox attestations file
[712:1592:1208/013345.110:VERBOSE1:components\component_updater\component_installer.cc:560] FinishRegistration for Widevine Content Decryption Module
[712:1592:1208/013345.111:VERBOSE1:components\component_updater\component_installer.cc:560] FinishRegistration for OnDeviceHeadSuggest
[712:1592:1208/013345.111:VERBOSE1:components\component_updater\component_installer.cc:560] FinishRegistration for Subresource Filter Rules
[712:1592:1208/013345.111:VERBOSE1:components\component_updater\component_installer.cc:560] FinishRegistration for Trust Token Key Commitments
[712:1592:1208/013345.111:VERBOSE1:components\component_updater\component_installer.cc:560] FinishRegistration for History Search
[712:1592:1208/013345.111:VERBOSE1:components\component_updater\component_installer.cc:560] FinishRegistration for Certificate Error Assistant
[712:1592:1208/013345.111:VERBOSE1:components\component_updater\component_installer.cc:560] FinishRegistration for File Type Policies
[712:1592:1208/013345.111:VERBOSE1:components\component_updater\component_installer.cc:560] FinishRegistration for CRLSet
[712:1592:1208/013345.111:VERBOSE1:components\component_updater\component_installer.cc:560] FinishRegistration for Origin Trials
[712:1592:1208/013345.111:VERBOSE1:components\component_updater\component_installer.cc:560] FinishRegistration for MEI Preload
[712:1592:1208/013345.111:VERBOSE1:components\component_updater\component_installer.cc:601] Component ready, version 1.0.7.1652906823 in C:\Users\user\.cache\puppeteer\chrome\win64-143.0.7499.40\chrome-win64\MEIPreload
[712:1592:1208/013345.111:VERBOSE1:components\component_updater\component_installer.cc:560] FinishRegistration for PKI Metadata
[712:1592:1208/013345.111:VERBOSE1:components\component_updater\component_installer.cc:560] FinishRegistration for Safety Tips
[712:1592:1208/013345.111:VERBOSE1:components\component_updater\component_installer.cc:560] FinishRegistration for Crowd Deny
[712:1592:1208/013345.111:VERBOSE1:components\component_updater\component_installer.cc:560] FinishRegistration for Hyphenation
[712:1592:1208/013345.111:VERBOSE1:components\component_updater\component_installer.cc:601] Component ready, version 1.0.0.0 in C:\Users\user\.cache\puppeteer\chrome\win64-143.0.7499.40\chrome-win64\hyphen-data
[712:1592:1208/013345.111:VERBOSE1:chrome\browser\component_updater\hyphenation_component_installer.cc:108] Hyphenation Component ready, version 1.0.0.0 in C:\Users\user\.cache\puppeteer\chrome\win64-143.0.7499.40\chrome-win64\hyphen-data
[712:1592:1208/013345.111:VERBOSE1:components\component_updater\component_installer.cc:560] FinishRegistration for Zxcvbn Data Dictionaries
[712:1592:1208/013345.111:VERBOSE1:components\component_updater\component_installer.cc:560] FinishRegistration for Actor Safety Lists
[712:1592:1208/013345.111:VERBOSE1:components\component_updater\component_installer.cc:560] FinishRegistration for Autofill States Data
[712:1592:1208/013345.112:VERBOSE1:components\component_updater\component_installer.cc:560] FinishRegistration for Third-Party Cookie Deprecation Metadata
[712:1592:1208/013345.112:VERBOSE1:components\component_updater\component_installer.cc:560] FinishRegistration for Plus Address Blocklist
[712:1592:1208/013345.112:VERBOSE1:components\component_updater\component_installer.cc:560] FinishRegistration for Cookie Readiness List
[712:1592:1208/013345.112:VERBOSE1:components\component_updater\component_installer.cc:560] FinishRegistration for Open Cookie Database
[712:1592:1208/013345.112:VERBOSE1:components\component_updater\component_installer.cc:560] FinishRegistration for Probabilistic Reveal Tokens
[712:1592:1208/013345.112:VERBOSE1:components\component_updater\component_installer.cc:560] FinishRegistration for Amount Extraction Heuristic Regexes
[712:1592:1208/013345.112:VERBOSE1:components\component_updater\component_installer.cc:560] FinishRegistration for WASM TTS Engine
[17008:12600:1208/013345.113:VERBOSE1:net\base\network_delegate.cc:37] NetworkDelegate::NotifyBeforeURLRequest: http://clients2.google.com/time/1/current?cup2key=9:Kc_U_QW_cHd3n9Edc92rb3H31xK9nW6MYeQO-3trFGU&cup2hreq=e3b0c44298fc1c149afbf4c8996fb92427ae41e4649b934ca495991b7852b855
[712:1592:1208/013345.114:VERBOSE1:components\signin\internal\identity_manager\mutable_profile_oauth2_token_service_delegate.cc:535] MutablePO2TS::OnWebDataServiceRequestDone. Result type: 6
[712:1592:1208/013345.114:VERBOSE1:components\signin\internal\identity_manager\mutable_profile_oauth2_token_service_delegate.cc:592] MutablePO2TS::LoadAllCredentialsIntoMemory; 0 credential(s).
[712:1592:1208/013345.115:VERBOSE1:components\signin\internal\identity_manager\mutable_profile_oauth2_token_service_delegate.cc:408] MutablePO2TS::RefreshTokenIsAvailable
[712:1592:1208/013345.115:VERBOSE1:components\signin\internal\identity_manager\mutable_profile_oauth2_token_service_delegate.cc:408] MutablePO2TS::RefreshTokenIsAvailable
[712:1592:1208/013345.115:VERBOSE1:components\signin\internal\identity_manager\mutable_profile_oauth2_token_service_delegate.cc:408] MutablePO2TS::RefreshTokenIsAvailable
[712:1592:1208/013345.115:VERBOSE1:components\signin\internal\identity_manager\mutable_profile_oauth2_token_service_delegate.cc:408] MutablePO2TS::RefreshTokenIsAvailable
[712:1592:1208/013345.115:VERBOSE1:components\signin\internal\identity_manager\mutable_profile_oauth2_token_service_delegate.cc:408] MutablePO2TS::RefreshTokenIsAvailable
[712:1592:1208/013345.115:VERBOSE1:components\signin\internal\identity_manager\mutable_profile_oauth2_token_service_delegate.cc:408] MutablePO2TS::RefreshTokenIsAvailable
[712:1592:1208/013345.115:VERBOSE1:components\signin\core\browser\account_reconcilor.cc:384] AccountReconcilor::OnEndBatchOfRefreshTokenStateChanges. Reconcilor state: 1
[712:1592:1208/013345.135:VERBOSE1:components\privacy_sandbox\privacy_sandbox_attestations\privacy_sandbox_attestations.cc:479] Parsed Privacy Sandbox Attestation list version: 2025.7.18.0
[712:1592:1208/013345.135:VERBOSE1:components\privacy_sandbox\privacy_sandbox_attestations\privacy_sandbox_attestations.cc:481] Number of attestation entries: 263
[712:1592:1208/013345.143:VERBOSE1:chrome\browser\web_applications\locks\partitioned_lock_manager.cc:211] Acquiring <PartitionedLockId>{id: 0x31, partition: 0} for Start@chrome\browser\web_applications\generated_icon_fix_manager.cc:60
[712:1592:1208/013345.143:VERBOSE1:chrome\browser\web_applications\locks\partitioned_lock_manager.cc:193] All locks acquired for Start@chrome\browser\web_applications\generated_icon_fix_manager.cc:60
[15004:12568:1208/013345.148:VERBOSE1:base\allocator\scheduler_loop_quarantine_config.cc:135] No entry found for renderer/global.
[15004:12568:1208/013345.148:VERBOSE1:base\allocator\scheduler_loop_quarantine_config.cc:135] No entry found for renderer/*.
[15004:12568:1208/013345.148:VERBOSE1:base\allocator\scheduler_loop_quarantine_config.cc:135] No entry found for renderer/amsc.
[712:1592:1208/013345.149:VERBOSE1:chrome\browser\web_applications\locks\partitioned_lock_manager.cc:235] Releasing <PartitionedLockId>{id: 0x31, partition: 0} requested by Start@chrome\browser\web_applications\generated_icon_fix_manager.cc:60
[15004:12568:1208/013345.157:INFO:third_party\webrtc\rtc_base\cpu_info.cc:75] Available number of cores: 8
[17008:12600:1208/013345.191:VERBOSE1:net\base\network_delegate.cc:37] NetworkDelegate::NotifyBeforeURLRequest: https://accounts.google.com/ListAccounts?gpsia=1&source=ChromiumBrowser&json=standard&laf=b64bin
[17008:12600:1208/013345.191:VERBOSE1:net\base\network_delegate.cc:37] NetworkDelegate::NotifyBeforeURLRequest: https://www.google.com/async/folae?async=_fmt:pb
[17008:21892:1208/013345.224:VERBOSE1:net\disk_cache\simple\simple_index_file.cc:607] Simple Cache Index is being restored from disk.
[712:1592:1208/013345.238:VERBOSE1:components\segmentation_platform\internal\signals\signal_filter_processor.cc:61] Segmentation platform started observing Session.TotalDuration
[712:1592:1208/013345.238:VERBOSE1:components\segmentation_platform\internal\signals\signal_filter_processor.cc:61] Segmentation platform started observing Commerce.PriceDrops.ActiveTabNavigationComplete.IsProductDetailPage
[712:1592:1208/013345.238:VERBOSE1:components\segmentation_platform\internal\signals\signal_filter_processor.cc:54] Segmentation platform started observing Autofill_PolledCreditCardSuggestions
[712:1592:1208/013345.238:VERBOSE1:components\segmentation_platform\internal\signals\signal_filter_processor.cc:61] Segmentation platform started observing IOS.ParcelTracking.Tracked.AutoTrack
[712:1592:1208/013345.238:VERBOSE1:components\segmentation_platform\internal\signals\signal_filter_processor.cc:61] Segmentation platform started observing Omnibox.SuggestionUsed.ClientSummarizedResultType
[712:1592:1208/013345.238:VERBOSE1:components\segmentation_platform\internal\signals\signal_filter_processor.cc:54] Segmentation platform started observing MetadataWriter
[712:1592:1208/013345.238:VERBOSE1:components\segmentation_platform\internal\signals\signal_filter_processor.cc:61] Segmentation platform started observing Blink.FedCm.AccountsDialogShown
[712:1592:1208/013345.238:VERBOSE1:components\segmentation_platform\internal\signals\signal_filter_processor.cc:61] Segmentation platform started observing Blink.FedCm.Status.RequestIdToken
[712:1592:1208/013345.238:VERBOSE1:components\segmentation_platform\internal\signals\signal_filter_processor.cc:61] Segmentation platform started observing Blink.FedCm.CancelReason
[712:1592:1208/013345.238:VERBOSE1:components\segmentation_platform\internal\signals\signal_filter_processor.cc:61] Segmentation platform started observing Blink.FedCm.IsSignInUser
[712:1592:1208/013345.239:VERBOSE1:components\segmentation_platform\internal\signals\signal_filter_processor.cc:61] Segmentation platform started observing Sync.DeviceCount2
[712:1592:1208/013345.239:VERBOSE1:components\segmentation_platform\internal\signals\signal_filter_processor.cc:61] Segmentation platform started observing Sync.DeviceCount2.Phone
[712:1592:1208/013345.239:VERBOSE1:components\segmentation_platform\internal\signals\signal_filter_processor.cc:61] Segmentation platform started observing Sync.DeviceCount2.Desktop
[712:1592:1208/013345.239:VERBOSE1:components\segmentation_platform\internal\signals\signal_filter_processor.cc:61] Segmentation platform started observing Sync.DeviceCount2.Tablet
[712:1592:1208/013345.239:VERBOSE1:components\segmentation_platform\internal\signals\signal_filter_processor.cc:54] Segmentation platform started observing MobileBookmarkManagerOpen
[712:1592:1208/013345.239:VERBOSE1:components\segmentation_platform\internal\signals\signal_filter_processor.cc:54] Segmentation platform started observing NewTabPage.MostVisited.Clicked
[712:1592:1208/013345.239:VERBOSE1:components\segmentation_platform\internal\signals\signal_filter_processor.cc:54] Segmentation platform started observing TabGroup.Created.OpenInNewTab
[712:1592:1208/013345.239:VERBOSE1:components\segmentation_platform\internal\signals\signal_filter_processor.cc:54] Segmentation platform started observing Android.HistoryPage.OpenItem
[712:1592:1208/013345.239:VERBOSE1:components\segmentation_platform\internal\signals\signal_filter_processor.cc:54] Segmentation platform started observing MobileMenuRecentTabs
[712:1592:1208/013345.239:VERBOSE1:components\segmentation_platform\internal\signals\signal_filter_processor.cc:61] Segmentation platform started observing PasswordManager.ManagePasswordsReferrer
[712:1592:1208/013345.239:VERBOSE1:components\segmentation_platform\internal\signals\signal_filter_processor.cc:61] Segmentation platform started observing PasswordManager.ProfileStore.TotalAccountsHiRes3.WithScheme.Https
[712:1592:1208/013345.239:VERBOSE1:components\segmentation_platform\internal\signals\signal_filter_processor.cc:61] Segmentation platform started observing PasswordManager.FillingAssistance
[712:1592:1208/013345.239:VERBOSE1:components\segmentation_platform\internal\signals\signal_filter_processor.cc:61] Segmentation platform started observing PasswordManager.SavedPasswordIsGenerated
[712:1592:1208/013345.239:VERBOSE1:components\segmentation_platform\internal\signals\signal_filter_processor.cc:61] Segmentation platform started observing PasswordManager.SaveUIDismissalReason
[712:1592:1208/013345.239:VERBOSE1:components\segmentation_platform\internal\signals\signal_filter_processor.cc:61] Segmentation platform started observing PasswordManager.SaveUIDismissalReason
[712:1592:1208/013345.239:VERBOSE1:components\segmentation_platform\internal\signals\signal_filter_processor.cc:61] Segmentation platform started observing IOS.CredentialExtension.IsEnabled.Startup
[712:1592:1208/013345.239:VERBOSE1:components\segmentation_platform\internal\signals\signal_filter_processor.cc:61] Segmentation platform started observing Session.TotalDuration
[15004:12568:1208/013345.252:VERBOSE1:extensions\renderer\script_context.cc:150] Created context:
  extension id:           (none)
  frame:                  0x792c0042fe60
  URL:                    
  context_type:           WEB_PAGE
  effective extension id: (none)
  effective context type: WEB_PAGE
[15004:12568:1208/013345.253:VERBOSE1:extensions\renderer\script_context.cc:150] Created context:
  extension id:           (none)
  frame:                  (nil)
  URL:                    
  context_type:           UNSPECIFIED
  effective extension id: (none)
  effective context type: UNSPECIFIED
[15004:12568:1208/013345.253:VERBOSE1:extensions\renderer\dispatcher.cc:578] Num tracked contexts: 1
[17008:12600:1208/013345.276:VERBOSE1:net\third_party\quiche\src\quiche\quic\core\tls_handshaker.cc:107] TlsClient: Continuing handshake
[17008:12600:1208/013345.325:VERBOSE1:net\third_party\quiche\src\quiche\quic\core\tls_handshaker.cc:107] TlsClient: Continuing handshake
[17008:12600:1208/013345.326:VERBOSE1:net\third_party\quiche\src\quiche\quic\core\tls_handshaker.cc:107] TlsClient: Continuing handshake
[17008:12600:1208/013345.329:VERBOSE1:net\third_party\quiche\src\quiche\quic\core\tls_handshaker.cc:107] TlsClient: Continuing handshake
[17008:12600:1208/013345.329:VERBOSE1:net\third_party\quiche\src\quiche\quic\core\tls_handshaker.cc:107] TlsClient: Continuing handshake
[17008:12600:1208/013345.329:VERBOSE1:net\third_party\quiche\src\quiche\quic\core\tls_handshaker.cc:107] TlsClient: Continuing handshake
[17008:12600:1208/013345.369:VERBOSE1:net\third_party\quiche\src\quiche\quic\core\tls_handshaker.cc:107] TlsClient: Continuing handshake
[17008:12600:1208/013345.373:VERBOSE1:net\third_party\quiche\src\quiche\quic\core\tls_handshaker.cc:107] TlsClient: Continuing handshake
[18240:19208:1208/013345.423:VERBOSE1:components\viz\service\main\viz_main_impl.cc:86] VizNullHypothesis is disabled (not a warning)
[18240:19208:1208/013345.424:ERROR:gpu\ipc\service\gpu_channel_manager.cc:911] ContextResult::kFatalFailure: Failed to create shared context for virtualization.
[18240:19208:1208/013345.424:ERROR:gpu\ipc\service\gpu_channel_manager.cc:911] ContextResult::kFatalFailure: Failed to create shared context for virtualization.
[18240:19208:1208/013345.424:ERROR:gpu\ipc\service\gpu_channel_manager.cc:911] ContextResult::kFatalFailure: Failed to create shared context for virtualization.
[712:1592:1208/013345.470:VERBOSE1:components\segmentation_platform\internal\selection\segment_result_provider.cc:136] GetSegmentResult: segment=OPTIMIZATION_TARGET_SEGMENTATION_DEVICE_SWITCHER ignoring DB score, executing model.
[712:1592:1208/013345.470:VERBOSE1:components\segmentation_platform\internal\selection\segment_result_provider.cc:277] ExecuteModelAndGetScore: segment=OPTIMIZATION_TARGET_SEGMENTATION_DEVICE_SWITCHER server segment info not available
[712:1592:1208/013345.470:VERBOSE1:components\segmentation_platform\internal\selection\segment_result_provider.cc:210] OnGotModelScore: segment=OPTIMIZATION_TARGET_SEGMENTATION_DEVICE_SWITCHER failed to get database model score, trying default model.
[712:1592:1208/013345.800:VERBOSE1:components\signin\core\browser\account_reconcilor.cc:607] AccountReconcilor::OnAccountsInCookieUpdated: CookieJar 0 accounts, Reconcilor's state is 1, Error was 
[712:1592:1208/013345.800:VERBOSE1:components\signin\internal\identity_manager\mutable_profile_oauth2_token_service_delegate.cc:408] MutablePO2TS::RefreshTokenIsAvailable
[712:1592:1208/013345.800:VERBOSE1:components\signin\internal\identity_manager\mutable_profile_oauth2_token_service_delegate.cc:408] MutablePO2TS::RefreshTokenIsAvailable
[712:1592:1208/013345.800:VERBOSE1:components\signin\core\browser\account_reconcilor.cc:701] AccountReconcilor::LoadValidAccountsFromTokenService: Chrome 0 accounts
[712:1592:1208/013345.800:VERBOSE1:components\signin\core\browser\account_reconcilor.cc:831] AccountReconcilor::CalculateIfMultiloginReconcileIsDone: Error was 
[712:1592:1208/013345.800:VERBOSE1:components\signin\core\browser\account_reconcilor.cc:737] AccountReconcilor::StartReconcileIfChromeAccountsChanged
[712:1592:1208/013345.801:VERBOSE1:components\signin\internal\identity_manager\mutable_profile_oauth2_token_service_delegate.cc:408] MutablePO2TS::RefreshTokenIsAvailable
[712:1592:1208/013345.801:VERBOSE1:components\signin\core\browser\account_reconcilor.cc:607] AccountReconcilor::OnAccountsInCookieUpdated: CookieJar 0 accounts, Reconcilor's state is 1, Error was 
[712:1592:1208/013345.801:VERBOSE1:components\signin\internal\identity_manager\mutable_profile_oauth2_token_service_delegate.cc:408] MutablePO2TS::RefreshTokenIsAvailable
[712:1592:1208/013345.801:VERBOSE1:components\signin\internal\identity_manager\mutable_profile_oauth2_token_service_delegate.cc:408] MutablePO2TS::RefreshTokenIsAvailable
[712:1592:1208/013345.801:VERBOSE1:components\signin\core\browser\account_reconcilor.cc:701] AccountReconcilor::LoadValidAccountsFromTokenService: Chrome 0 accounts
[712:1592:1208/013345.801:VERBOSE1:components\signin\core\browser\account_reconcilor.cc:831] AccountReconcilor::CalculateIfMultiloginReconcileIsDone: Error was 
[712:1592:1208/013345.801:VERBOSE1:components\signin\core\browser\account_reconcilor.cc:737] AccountReconcilor::StartReconcileIfChromeAccountsChanged
